<?xml version="1.0" encoding="UTF-8"?>
<!-- Generated by org.testng.reporters.JUnitReportReporter -->
<testsuite name="p1.DragAndDrop" tests="1" time="20.691" ignored="0" failures="0" timestamp="16 May 2018 08:12:25 GMT" skipped="0" hostname="CORE-PC" errors="0">
  <testcase name="dragDrop" time="20.691" classname="p1.DragAndDrop"/>
</testsuite> <!-- p1.DragAndDrop -->
