<?xml version="1.0" encoding="UTF-8"?>
<!-- Generated by org.testng.reporters.JUnitReportReporter -->
<testsuite name="ValidationTest" tests="1" time="0.020" ignored="0" failures="0" timestamp="17 May 2018 07:43:26 GMT" skipped="0" hostname="CORE-PC" errors="0">
  <testcase name="mobNoLength" time="0.020" classname="ValidationTest"/>
</testsuite> <!-- ValidationTest -->
