<?xml version="1.0" encoding="UTF-8"?>
<!-- Generated by org.testng.reporters.JUnitReportReporter -->
<testsuite name="testNg.TestNg1" tests="3" time="65.835" ignored="0" failures="0" timestamp="16 May 2018 07:24:35 GMT" skipped="0" hostname="CORE-PC" errors="0">
  <testcase name="login" time="43.446" classname="testNg.TestNg1"/>
  <testcase name="flightDetails" time="2.208" classname="testNg.TestNg1"/>
  <testcase name="login" time="20.181" classname="testNg.TestNg1"/>
</testsuite> <!-- testNg.TestNg1 -->
